::1 - - [14/May/2018:13:23:40 +0000] "OPTIONS /cabsol/dropbox/createfolder HTTP/1.1" 200 4 "-" "Mozilla/5.0 (Windows NT 10.0; Win64; x64) AppleWebKit/537.36 (KHTML, like Gecko) Chrome/66.0.3359.139 Safari/537.36"
::1 - - [14/May/2018:13:39:04 +0000] "OPTIONS /cabsol/dropbox/createfolder HTTP/1.1" 200 4 "-" "Mozilla/5.0 (Windows NT 10.0; Win64; x64) AppleWebKit/537.36 (KHTML, like Gecko) Chrome/66.0.3359.139 Safari/537.36"
::1 - - [14/May/2018:13:39:48 +0000] "OPTIONS /cabsol/dropbox/createfolder HTTP/1.1" 200 4 "-" "Mozilla/5.0 (Windows NT 10.0; Win64; x64) AppleWebKit/537.36 (KHTML, like Gecko) Chrome/66.0.3359.139 Safari/537.36"
::1 - - [14/May/2018:13:41:11 +0000] "POST /cabsol/dropbox/createfolder HTTP/1.1" 302 28 "http://localhost:8080/documents" "Mozilla/5.0 (Windows NT 10.0; Win64; x64) AppleWebKit/537.36 (KHTML, like Gecko) Chrome/66.0.3359.139 Safari/537.36"
::1 - - [14/May/2018:13:41:11 +0000] "GET /login HTTP/1.1" 404 144 "http://localhost:8080/documents" "Mozilla/5.0 (Windows NT 10.0; Win64; x64) AppleWebKit/537.36 (KHTML, like Gecko) Chrome/66.0.3359.139 Safari/537.36"
::1 - - [14/May/2018:14:15:35 +0000] "POST /cabsol/dropbox/createfolder HTTP/1.1" 302 28 "http://localhost:8080/documents" "Mozilla/5.0 (Windows NT 10.0; Win64; x64) AppleWebKit/537.36 (KHTML, like Gecko) Chrome/66.0.3359.139 Safari/537.36"
::1 - - [14/May/2018:14:15:36 +0000] "GET /login HTTP/1.1" 404 144 "http://localhost:8080/documents" "Mozilla/5.0 (Windows NT 10.0; Win64; x64) AppleWebKit/537.36 (KHTML, like Gecko) Chrome/66.0.3359.139 Safari/537.36"
::1 - - [14/May/2018:14:56:53 +0000] "POST /cabsol/dropbox/createfolder HTTP/1.1" 302 28 "http://localhost:8080/documents" "Mozilla/5.0 (Windows NT 10.0; Win64; x64) AppleWebKit/537.36 (KHTML, like Gecko) Chrome/66.0.3359.139 Safari/537.36"
::1 - - [14/May/2018:14:56:53 +0000] "GET /login HTTP/1.1" 404 144 "http://localhost:8080/documents" "Mozilla/5.0 (Windows NT 10.0; Win64; x64) AppleWebKit/537.36 (KHTML, like Gecko) Chrome/66.0.3359.139 Safari/537.36"
::1 - - [14/May/2018:15:16:00 +0000] "POST /cabsol/dropbox/createfolder HTTP/1.1" 302 43 "http://localhost:8080/documents" "Mozilla/5.0 (Windows NT 10.0; Win64; x64) AppleWebKit/537.36 (KHTML, like Gecko) Chrome/66.0.3359.139 Safari/537.36"
::1 - - [14/May/2018:15:16:01 +0000] "GET /cabsol/dropbox/login HTTP/1.1" 302 195 "http://localhost:8080/documents" "Mozilla/5.0 (Windows NT 10.0; Win64; x64) AppleWebKit/537.36 (KHTML, like Gecko) Chrome/66.0.3359.139 Safari/537.36"
::1 - - [14/May/2018:15:21:15 +0000] "GET /oauthredirect?state=cf8ad70080927244383182dd5a35023d&code=BZGziCSXVuIAAAAAAAAJLN0OuxdoOw6d_xYvhdYdajw HTTP/1.1" 404 152 "https://www.dropbox.com/" "Mozilla/5.0 (Windows NT 10.0; Win64; x64) AppleWebKit/537.36 (KHTML, like Gecko) Chrome/66.0.3359.139 Safari/537.36"
::1 - - [14/May/2018:15:21:15 +0000] "GET /favicon.ico HTTP/1.1" 404 150 "http://localhost:8090/oauthredirect?state=cf8ad70080927244383182dd5a35023d&code=BZGziCSXVuIAAAAAAAAJLN0OuxdoOw6d_xYvhdYdajw" "Mozilla/5.0 (Windows NT 10.0; Win64; x64) AppleWebKit/537.36 (KHTML, like Gecko) Chrome/66.0.3359.139 Safari/537.36"
::1 - - [14/May/2018:16:17:28 +0000] "POST /cabsol/dropbox/createfolder HTTP/1.1" 302 43 "http://localhost:8080/documents" "Mozilla/5.0 (Windows NT 10.0; Win64; x64) AppleWebKit/537.36 (KHTML, like Gecko) Chrome/66.0.3359.139 Safari/537.36"
::1 - - [14/May/2018:16:17:29 +0000] "GET /cabsol/dropbox/login HTTP/1.1" 500 3067 "http://localhost:8080/documents" "Mozilla/5.0 (Windows NT 10.0; Win64; x64) AppleWebKit/537.36 (KHTML, like Gecko) Chrome/66.0.3359.139 Safari/537.36"
::1 - - [14/May/2018:16:39:08 +0000] "POST /cabsol/dropbox/createfolder HTTP/1.1" 302 43 "http://localhost:8080/documents" "Mozilla/5.0 (Windows NT 10.0; Win64; x64) AppleWebKit/537.36 (KHTML, like Gecko) Chrome/66.0.3359.139 Safari/537.36"
::1 - - [14/May/2018:16:41:09 +0000] "POST /cabsol/dropbox/createfolder HTTP/1.1" 302 43 "http://localhost:8080/documents" "Mozilla/5.0 (Windows NT 10.0; Win64; x64) AppleWebKit/537.36 (KHTML, like Gecko) Chrome/66.0.3359.139 Safari/537.36"
::1 - - [14/May/2018:16:41:09 +0000] "GET /cabsol/dropbox/login HTTP/1.1" 302 210 "http://localhost:8080/documents" "Mozilla/5.0 (Windows NT 10.0; Win64; x64) AppleWebKit/537.36 (KHTML, like Gecko) Chrome/66.0.3359.139 Safari/537.36"
::1 - - [14/May/2018:16:42:42 +0000] "POST /cabsol/dropbox/createfolder HTTP/1.1" 302 43 "http://localhost:8080/documents" "Mozilla/5.0 (Windows NT 10.0; Win64; x64) AppleWebKit/537.36 (KHTML, like Gecko) Chrome/66.0.3359.139 Safari/537.36"
::1 - - [14/May/2018:16:42:42 +0000] "GET /cabsol/dropbox/login HTTP/1.1" 302 210 "http://localhost:8080/documents" "Mozilla/5.0 (Windows NT 10.0; Win64; x64) AppleWebKit/537.36 (KHTML, like Gecko) Chrome/66.0.3359.139 Safari/537.36"
::1 - - [14/May/2018:17:07:30 +0000] "POST /cabsol/dropbox/createfolder HTTP/1.1" 302 43 "http://localhost:8080/documents" "Mozilla/5.0 (Windows NT 10.0; Win64; x64) AppleWebKit/537.36 (KHTML, like Gecko) Chrome/66.0.3359.139 Safari/537.36"
::1 - - [14/May/2018:17:07:31 +0000] "GET /cabsol/dropbox/login HTTP/1.1" 302 210 "http://localhost:8080/documents" "Mozilla/5.0 (Windows NT 10.0; Win64; x64) AppleWebKit/537.36 (KHTML, like Gecko) Chrome/66.0.3359.139 Safari/537.36"
::1 - - [14/May/2018:17:13:29 +0000] "POST /cabsol/dropbox/createfolder HTTP/1.1" 302 43 "http://localhost:8080/documents" "Mozilla/5.0 (Windows NT 10.0; Win64; x64) AppleWebKit/537.36 (KHTML, like Gecko) Chrome/66.0.3359.139 Safari/537.36"
::1 - - [14/May/2018:17:13:29 +0000] "GET /cabsol/dropbox/login HTTP/1.1" 302 210 "http://localhost:8080/documents" "Mozilla/5.0 (Windows NT 10.0; Win64; x64) AppleWebKit/537.36 (KHTML, like Gecko) Chrome/66.0.3359.139 Safari/537.36"
::1 - - [14/May/2018:17:20:30 +0000] "GET /cabsol/dropbox/oauthredirect?state=577e33ec8be57486e6d4e9575d4c5bf6&code=BZGziCSXVuIAAAAAAAAJLiY31u7UqmCC2s2nia9wYDk HTTP/1.1" 404 167 "https://www.dropbox.com/" "Mozilla/5.0 (Windows NT 10.0; Win64; x64) AppleWebKit/537.36 (KHTML, like Gecko) Chrome/66.0.3359.139 Safari/537.36"
::1 - - [14/May/2018:17:20:30 +0000] "GET /favicon.ico HTTP/1.1" 404 150 "http://localhost:8090/cabsol/dropbox/oauthredirect?state=577e33ec8be57486e6d4e9575d4c5bf6&code=BZGziCSXVuIAAAAAAAAJLiY31u7UqmCC2s2nia9wYDk" "Mozilla/5.0 (Windows NT 10.0; Win64; x64) AppleWebKit/537.36 (KHTML, like Gecko) Chrome/66.0.3359.139 Safari/537.36"
::1 - - [14/May/2018:17:52:30 +0000] "POST /cabsol/dropbox/createfolder HTTP/1.1" 302 43 "http://localhost:8080/documents" "Mozilla/5.0 (Windows NT 10.0; Win64; x64) AppleWebKit/537.36 (KHTML, like Gecko) Chrome/66.0.3359.139 Safari/537.36"
::1 - - [14/May/2018:17:52:30 +0000] "GET /cabsol/dropbox/login HTTP/1.1" 307 223 "http://localhost:8080/documents" "Mozilla/5.0 (Windows NT 10.0; Win64; x64) AppleWebKit/537.36 (KHTML, like Gecko) Chrome/66.0.3359.139 Safari/537.36"
::1 - - [14/May/2018:18:11:02 +0000] "GET /cabsol/dropbox/oauthredirect?state=658ed461daabf6a27c62bb3c8c4bbf7b&code=BZGziCSXVuIAAAAAAAAJMIboporAd-X35sSDQGQiMbM HTTP/1.1" 404 167 "https://www.dropbox.com/" "Mozilla/5.0 (Windows NT 10.0; Win64; x64) AppleWebKit/537.36 (KHTML, like Gecko) Chrome/66.0.3359.139 Safari/537.36"
::1 - - [14/May/2018:18:30:08 +0000] "POST /cabsol/dropbox/createfolder HTTP/1.1" 302 43 "http://localhost:8080/documents" "Mozilla/5.0 (Windows NT 10.0; Win64; x64) AppleWebKit/537.36 (KHTML, like Gecko) Chrome/66.0.3359.139 Safari/537.36"
::1 - - [14/May/2018:18:30:08 +0000] "GET /cabsol/dropbox/login HTTP/1.1" 302 210 "http://localhost:8080/documents" "Mozilla/5.0 (Windows NT 10.0; Win64; x64) AppleWebKit/537.36 (KHTML, like Gecko) Chrome/66.0.3359.139 Safari/537.36"
::1 - - [14/May/2018:18:33:41 +0000] "GET /cabsol/dropbox/oauthredirect?state=a112892a3ea8a58fc65b69991cd1143a&code=BZGziCSXVuIAAAAAAAAJMsZWBNKZ3eeDK8x6RBVYPGw HTTP/1.1" 404 167 "https://www.dropbox.com/" "Mozilla/5.0 (Windows NT 10.0; Win64; x64) AppleWebKit/537.36 (KHTML, like Gecko) Chrome/66.0.3359.139 Safari/537.36"
::1 - - [14/May/2018:18:35:50 +0000] "GET /cabsol/dropbox/oauthredirect?state=a112892a3ea8a58fc65b69991cd1143a&code=BZGziCSXVuIAAAAAAAAJMxFQxWfGhmTHkzUBw2N2bxg HTTP/1.1" 404 167 "https://www.dropbox.com/" "Mozilla/5.0 (Windows NT 10.0; Win64; x64) AppleWebKit/537.36 (KHTML, like Gecko) Chrome/66.0.3359.139 Safari/537.36"
::1 - - [15/May/2018:09:06:50 +0000] "POST /cabsol/dropbox/createfolder HTTP/1.1" 302 43 "http://localhost:8080/documents" "Mozilla/5.0 (Windows NT 10.0; Win64; x64) AppleWebKit/537.36 (KHTML, like Gecko) Chrome/66.0.3359.139 Safari/537.36"
::1 - - [15/May/2018:09:06:52 +0000] "GET /cabsol/dropbox/login HTTP/1.1" 302 210 "http://localhost:8080/documents" "Mozilla/5.0 (Windows NT 10.0; Win64; x64) AppleWebKit/537.36 (KHTML, like Gecko) Chrome/66.0.3359.139 Safari/537.36"
::1 - - [15/May/2018:09:09:43 +0000] "GET /cabsol/dropbox/oauthredirect?state=495ad2ffe021a93e107801b550ae7a2e&code=BZGziCSXVuIAAAAAAAAJNR3Jta6buj_L7H5EI7MRteY HTTP/1.1" 404 167 "https://www.dropbox.com/" "Mozilla/5.0 (Windows NT 10.0; Win64; x64) AppleWebKit/537.36 (KHTML, like Gecko) Chrome/66.0.3359.139 Safari/537.36"
::1 - - [15/May/2018:11:13:21 +0000] "POST /cabsol/dropbox/createfolder HTTP/1.1" 302 43 "http://localhost:8080/documents" "Mozilla/5.0 (Windows NT 10.0; Win64; x64) AppleWebKit/537.36 (KHTML, like Gecko) Chrome/66.0.3359.139 Safari/537.36"
::1 - - [15/May/2018:11:13:22 +0000] "GET /cabsol/dropbox/login HTTP/1.1" 302 210 "http://localhost:8080/documents" "Mozilla/5.0 (Windows NT 10.0; Win64; x64) AppleWebKit/537.36 (KHTML, like Gecko) Chrome/66.0.3359.139 Safari/537.36"
::1 - - [15/May/2018:11:15:37 +0000] "GET /cabsol/dropbox/oauthredirect?state=f2cf41619199231a4fc4982c02565393&code=BZGziCSXVuIAAAAAAAAJN8gsff6_vXuwdbm7ZtFXRFc HTTP/1.1" 404 167 "https://www.dropbox.com/" "Mozilla/5.0 (Windows NT 10.0; Win64; x64) AppleWebKit/537.36 (KHTML, like Gecko) Chrome/66.0.3359.139 Safari/537.36"
::1 - - [15/May/2018:11:15:37 +0000] "GET /favicon.ico HTTP/1.1" 404 150 "http://localhost:8090/cabsol/dropbox/oauthredirect?state=f2cf41619199231a4fc4982c02565393&code=BZGziCSXVuIAAAAAAAAJN8gsff6_vXuwdbm7ZtFXRFc" "Mozilla/5.0 (Windows NT 10.0; Win64; x64) AppleWebKit/537.36 (KHTML, like Gecko) Chrome/66.0.3359.139 Safari/537.36"
::1 - - [15/May/2018:11:41:39 +0000] "POST /cabsol/dropbox/createfolder HTTP/1.1" 302 43 "http://localhost:8080/documents" "Mozilla/5.0 (Windows NT 10.0; Win64; x64) AppleWebKit/537.36 (KHTML, like Gecko) Chrome/66.0.3359.139 Safari/537.36"
::1 - - [15/May/2018:11:43:32 +0000] "GET /cabsol/dropbox/oauthredirect?state=e70d58abbd88f6cb6ae3ed38e7f47812&code=BZGziCSXVuIAAAAAAAAJOcrE7t3u7MWogX7tiL4_YMc HTTP/1.1" 404 167 "https://www.dropbox.com/" "Mozilla/5.0 (Windows NT 10.0; Win64; x64) AppleWebKit/537.36 (KHTML, like Gecko) Chrome/66.0.3359.139 Safari/537.36"
::1 - - [15/May/2018:11:43:39 +0000] "GET /cabsol/dropbox/oauthredirect?state=e70d58abbd88f6cb6ae3ed38e7f47812&code=BZGziCSXVuIAAAAAAAAJOcrE7t3u7MWogX7tiL4_YMc HTTP/1.1" 404 167 "https://www.dropbox.com/" "Mozilla/5.0 (Windows NT 10.0; Win64; x64) AppleWebKit/537.36 (KHTML, like Gecko) Chrome/66.0.3359.139 Safari/537.36"
::1 - - [15/May/2018:11:43:39 +0000] "GET /cabsol/dropbox/login HTTP/1.1" - - "http://localhost:8080/documents" "Mozilla/5.0 (Windows NT 10.0; Win64; x64) AppleWebKit/537.36 (KHTML, like Gecko) Chrome/66.0.3359.139 Safari/537.36"
::1 - - [15/May/2018:11:43:45 +0000] "GET /cabsol/dropbox/oauthredirect?state=4fbde0fa8a16802f263605c2f5bdf2be&code=BZGziCSXVuIAAAAAAAAJOuRjkv4r3BbsVNWMopSUGCY HTTP/1.1" 404 167 "https://www.dropbox.com/" "Mozilla/5.0 (Windows NT 10.0; Win64; x64) AppleWebKit/537.36 (KHTML, like Gecko) Chrome/66.0.3359.139 Safari/537.36"
::1 - - [15/May/2018:11:45:39 +0000] "GET /cabsol/dropbox/login HTTP/1.1" - - "http://localhost:8080/documents" "Mozilla/5.0 (Windows NT 10.0; Win64; x64) AppleWebKit/537.36 (KHTML, like Gecko) Chrome/66.0.3359.139 Safari/537.36"
::1 - - [15/May/2018:12:55:42 +0000] "POST /cabsol/dropbox/createfolder HTTP/1.1" 302 43 "http://localhost:8080/documents" "Mozilla/5.0 (Windows NT 10.0; Win64; x64) AppleWebKit/537.36 (KHTML, like Gecko) Chrome/66.0.3359.139 Safari/537.36"
::1 - - [15/May/2018:12:57:16 +0000] "GET /cabsol/dropbox/oauthredirect?state=b6bb87a194b0877e0ec0797046e6725d&code=BZGziCSXVuIAAAAAAAAJPMWh6p9U32sr-3653VzhfMw HTTP/1.1" 404 167 "https://www.dropbox.com/" "Mozilla/5.0 (Windows NT 10.0; Win64; x64) AppleWebKit/537.36 (KHTML, like Gecko) Chrome/66.0.3359.139 Safari/537.36"
::1 - - [15/May/2018:12:57:42 +0000] "GET /cabsol/dropbox/login HTTP/1.1" - - "http://localhost:8080/documents" "Mozilla/5.0 (Windows NT 10.0; Win64; x64) AppleWebKit/537.36 (KHTML, like Gecko) Chrome/66.0.3359.139 Safari/537.36"
::1 - - [15/May/2018:12:59:42 +0000] "GET /cabsol/dropbox/login HTTP/1.1" - - "http://localhost:8080/documents" "Mozilla/5.0 (Windows NT 10.0; Win64; x64) AppleWebKit/537.36 (KHTML, like Gecko) Chrome/66.0.3359.139 Safari/537.36"
::1 - - [15/May/2018:13:47:38 +0000] "POST /cabsol/dropbox/createfolder HTTP/1.1" 302 43 "http://localhost:8080/documents" "Mozilla/5.0 (Windows NT 10.0; Win64; x64) AppleWebKit/537.36 (KHTML, like Gecko) Chrome/66.0.3359.139 Safari/537.36"
::1 - - [15/May/2018:13:49:38 +0000] "GET /cabsol/dropbox/login HTTP/1.1" - - "http://localhost:8080/documents" "Mozilla/5.0 (Windows NT 10.0; Win64; x64) AppleWebKit/537.36 (KHTML, like Gecko) Chrome/66.0.3359.139 Safari/537.36"
::1 - - [15/May/2018:13:49:48 +0000] "POST /cabsol/dropbox/createfolder HTTP/1.1" 302 43 "http://localhost:8080/documents" "Mozilla/5.0 (Windows NT 10.0; Win64; x64) AppleWebKit/537.36 (KHTML, like Gecko) Chrome/66.0.3359.139 Safari/537.36"
::1 - - [15/May/2018:13:51:38 +0000] "GET /cabsol/dropbox/soauthredirect?state=7964f8d1b44b996b29fba12f332ab63e&code=BZGziCSXVuIAAAAAAAAJPvPvzWh_QawXw_SfEo0OFr0 HTTP/1.1" 500 3424 "https://www.dropbox.com/" "Mozilla/5.0 (Windows NT 10.0; Win64; x64) AppleWebKit/537.36 (KHTML, like Gecko) Chrome/66.0.3359.139 Safari/537.36"
::1 - - [15/May/2018:13:51:48 +0000] "GET /cabsol/dropbox/login HTTP/1.1" - - "http://localhost:8080/documents" "Mozilla/5.0 (Windows NT 10.0; Win64; x64) AppleWebKit/537.36 (KHTML, like Gecko) Chrome/66.0.3359.139 Safari/537.36"
::1 - - [16/May/2018:11:06:43 +0000] "OPTIONS /cabsol/dropbox/createfolder HTTP/1.1" 200 4 "-" "Mozilla/5.0 (Windows NT 10.0; Win64; x64) AppleWebKit/537.36 (KHTML, like Gecko) Chrome/66.0.3359.139 Safari/537.36"
::1 - - [16/May/2018:11:15:43 +0000] "OPTIONS /cabsol/dropbox/createfolder HTTP/1.1" 204 0 "-" "Mozilla/5.0 (Windows NT 10.0; Win64; x64) AppleWebKit/537.36 (KHTML, like Gecko) Chrome/66.0.3359.139 Safari/537.36"
::1 - - [16/May/2018:11:15:43 +0000] "POST /cabsol/dropbox/createfolder HTTP/1.1" 302 43 "http://localhost:8080/documents" "Mozilla/5.0 (Windows NT 10.0; Win64; x64) AppleWebKit/537.36 (KHTML, like Gecko) Chrome/66.0.3359.139 Safari/537.36"
::1 - - [16/May/2018:11:15:43 +0000] "OPTIONS /cabsol/dropbox/login HTTP/1.1" 204 0 "-" "Mozilla/5.0 (Windows NT 10.0; Win64; x64) AppleWebKit/537.36 (KHTML, like Gecko) Chrome/66.0.3359.139 Safari/537.36"
::1 - - [16/May/2018:11:17:43 +0000] "GET /cabsol/dropbox/login HTTP/1.1" - - "http://localhost:8080/documents" "Mozilla/5.0 (Windows NT 10.0; Win64; x64) AppleWebKit/537.36 (KHTML, like Gecko) Chrome/66.0.3359.139 Safari/537.36"
::1 - - [16/May/2018:11:18:59 +0000] "GET /cabsol/dropbox/oauthredirect?state=48f80e07e39a27749ea5d66545af0c08&code=BZGziCSXVuIAAAAAAAAJQCiBw3bTrs5gWOXj2gln958 HTTP/1.1" 500 3352 "https://www.dropbox.com/" "Mozilla/5.0 (Windows NT 10.0; Win64; x64) AppleWebKit/537.36 (KHTML, like Gecko) Chrome/66.0.3359.139 Safari/537.36"
::1 - - [16/May/2018:11:18:59 +0000] "GET /favicon.ico HTTP/1.1" 404 150 "http://localhost:8090/cabsol/dropbox/oauthredirect?state=48f80e07e39a27749ea5d66545af0c08&code=BZGziCSXVuIAAAAAAAAJQCiBw3bTrs5gWOXj2gln958" "Mozilla/5.0 (Windows NT 10.0; Win64; x64) AppleWebKit/537.36 (KHTML, like Gecko) Chrome/66.0.3359.139 Safari/537.36"
::1 - - [16/May/2018:11:19:43 +0000] "GET /cabsol/dropbox/login HTTP/1.1" - - "http://localhost:8080/documents" "Mozilla/5.0 (Windows NT 10.0; Win64; x64) AppleWebKit/537.36 (KHTML, like Gecko) Chrome/66.0.3359.139 Safari/537.36"
::1 - - [16/May/2018:11:35:45 +0000] "GET /cabsol/dropbox/oauthredirect?state=7600d88436b601cd214cb59c32d34753&code=BZGziCSXVuIAAAAAAAAJQuMl75Xkr9ZWusAzXFW53rc HTTP/1.1" 500 3077 "https://www.dropbox.com/" "Mozilla/5.0 (Windows NT 10.0; Win64; x64) AppleWebKit/537.36 (KHTML, like Gecko) Chrome/66.0.3359.139 Safari/537.36"
::1 - - [16/May/2018:11:36:48 +0000] "GET /cabsol/dropbox/oauthredirect?state=7600d88436b601cd214cb59c32d34753&code=BZGziCSXVuIAAAAAAAAJQ8vwVq9vqw0BtYxTb36mEYU HTTP/1.1" 500 3077 "https://www.dropbox.com/" "Mozilla/5.0 (Windows NT 10.0; Win64; x64) AppleWebKit/537.36 (KHTML, like Gecko) Chrome/66.0.3359.139 Safari/537.36"
